<?xml version="1.0" encoding="UTF-8"?>
<!-- Generated by org.testng.reporters.JUnitReportReporter -->
<testsuite hostname="A2ML24415" name="com.demoaut.testcases.LoginTest" tests="1" failures="0" timestamp="29 Apr 2020 17:49:11 GMT" time="16.003" errors="0">
  <testcase name="Logintest_falseValidate" time="16.003" classname="com.demoaut.testcases.LoginTest"/>
</testsuite> <!-- com.demoaut.testcases.LoginTest -->
