<?xml version="1.0" encoding="UTF-8"?>
<!-- Generated by org.testng.reporters.JUnitReportReporter -->
<testsuite hostname="A2ML24415" name="com.demoaut.testcases.LoginTest" tests="2" failures="0" timestamp="30 Apr 2020 08:14:00 GMT" time="36.487" errors="0">
  <testcase name="Logintest_falseValidate" time="16.903" classname="com.demoaut.testcases.LoginTest"/>
  <testcase name="Logintest" time="19.584" classname="com.demoaut.testcases.LoginTest"/>
</testsuite> <!-- com.demoaut.testcases.LoginTest -->
