<?xml version="1.0" encoding="UTF-8"?>
<!-- Generated by org.testng.reporters.JUnitReportReporter -->
<testsuite hostname="A2ML24415" name="com.demoaut.testcases.BookReturnTicketTest" tests="1" failures="0" timestamp="29 Apr 2020 17:49:11 GMT" time="29.716" errors="0">
  <testcase name="BookReturnticketTest" time="29.716" classname="com.demoaut.testcases.BookReturnTicketTest"/>
</testsuite> <!-- com.demoaut.testcases.BookReturnTicketTest -->
