<?xml version="1.0" encoding="UTF-8"?>
<!-- Generated by org.testng.reporters.JUnitReportReporter -->
<testsuite skipped="0" hostname="A2ML24415" name="com.demoaut.testcases.BookReturnTicketTest" tests="1" failures="0" timestamp="2020-05-12T23:54:02 IST" time="31.339" errors="0">
  <testcase name="BookReturnticketTest" time="31.339" classname="com.demoaut.testcases.BookReturnTicketTest"/>
  <system-out/>
</testsuite> <!-- com.demoaut.testcases.BookReturnTicketTest -->
