<?xml version="1.0" encoding="UTF-8"?>
<!-- Generated by org.testng.reporters.JUnitReportReporter -->
<testsuite skipped="0" hostname="A2ML24415" name="com.demoaut.testcases.LoginTest" tests="2" failures="0" timestamp="2020-05-12T23:54:02 IST" time="35.268" errors="0">
  <testcase name="Logintest_falseValidate" time="15.142" classname="com.demoaut.testcases.LoginTest"/>
  <system-out/>
  <testcase name="Logintest" time="20.126" classname="com.demoaut.testcases.LoginTest"/>
  <system-out/>
</testsuite> <!-- com.demoaut.testcases.LoginTest -->
